adduser.conf
alsa
alternatives
anacrontab
apache2
apparmor
apparmor.d
apt
avahi
bash.bashrc
bash_completion
bash_completion.d
bindresvport.blacklist
binfmt.d
bluetooth
bogofilter.cf
ca-certificates
ca-certificates.conf
chatscripts
chromium
colord
console-setup
cracklib
credstore
credstore.encrypted
cron.d
cron.daily
cron.hourly
cron.monthly
crontab
cron.weekly
cron.yearly
cups
cupshelpers
dbus-1
dconf
debconf.conf
debian_version
default
deluser.conf
depmod.d
dhcp
dhcpcd.conf
dictionaries-common
dpkg
e2scrub.conf
emacs
environment
environment.d
ethertypes
firefox-esr
fonts
fstab
fuse.conf
fwupd
gai.conf
gdm3
geoclue
ghostscript
glvnd
gnome
gnome-remote-desktop
groff
group
group-
grub.d
gshadow
gshadow-
gss
gtk-3.0
host.conf
hostname
hosts
hosts.allow
hosts.deny
ifplugd
ImageMagick-7
init.d
initramfs-tools
inputrc
insserv.conf.d
ipp-usb
issue
issue.net
kernel
kernel-img.conf
ldap
ld.so.cache
ld.so.conf
ld.so.conf.d
libao.conf
libaudit.conf
libblockdev
libnl-3
libreoffice
lighttpd
locale.alias
locale.conf
locale.gen
localtime
logcheck
login.defs
logrotate.conf
logrotate.d
lynx
machine-id
magic
magic.mime
mailcap
mailcap.order
manpath.config
mime.types
mke2fs.conf
ModemManager
modprobe.d
modules
modules-load.d
motd
mtab
nanorc
netconfig
network
NetworkManager
networks
nftables.conf
nsswitch.conf
openal
openni2
opt
os-release
PackageKit
pam.conf
pam.d
paperspecs
passwd
passwd-
perl
pki
plymouth
polkit-1
ppp
profile
profile.d
protocols
pulse
python3
python3.13
rc0.d
rc1.d
rc2.d
rc3.d
rc4.d
rc5.d
rc6.d
rcS.d
reportbug.conf
resolv.conf
rmt
rpc
rygel.conf
sane.d
security
selinux
sensors3.conf
sensors.d
services
sgml
shadow
shadow-
shells
skel
snmp
speech-dispatcher
ssh
ssl
subgid
subgid-
subuid
subuid-
sudo.conf
sudoers
sudoers.d
sudo_logsrvd.conf
supercat
sysctl.d
systemd
terminfo
timidity
tmpfiles.d
ucf.conf
udev
udisks2
ufw
update-motd.d
UPower
usb_modeswitch.conf
usb_modeswitch.d
vconsole.conf
vdpau_wrapper.cfg
vim
vulkan
wgetrc
wpa_supplicant
X11
xattr.conf
xdg
xml
